D:\anaconda3\envs\tensorflow\python.exe D:\机械故障诊断实验\机械故障诊断实验\MHCNN_Oputuna_Experiment.py 
正在加载数据...
数据加载完成。
>>> 阶段 1: Optuna 搜索...
[I 2026-02-03 11:39:31,267] A new study created in memory with name: no-name-0b7f7870-670c-450d-a7d9-781d2c4ed78a
[I 2026-02-03 11:39:48,952] Trial 0 finished with value: 0.5959183573722839 and parameters: {'lr': 0.002102875550030317, 'batch_size': 64, 'dropout_vib': 0.20200867199944805, 'dropout_aco': 0.4269905955428933, 'atten_dim': 256, 'n_layers_vib': 5, 'n_layers_aco': 5}. Best is trial 0 with value: 0.5959183573722839.
[I 2026-02-03 11:39:58,087] Trial 1 finished with value: 0.9662337899208069 and parameters: {'lr': 0.0007175198468744067, 'batch_size': 64, 'dropout_vib': 0.42772839711916333, 'dropout_aco': 0.3872319479787353, 'atten_dim': 256, 'n_layers_vib': 5, 'n_layers_aco': 5}. Best is trial 1 with value: 0.9662337899208069.
[I 2026-02-03 11:40:04,604] Trial 2 finished with value: 0.9536178112030029 and parameters: {'lr': 0.0005137163833812991, 'batch_size': 64, 'dropout_vib': 0.29657479952106114, 'dropout_aco': 0.4979594380518194, 'atten_dim': 128, 'n_layers_vib': 3, 'n_layers_aco': 3}. Best is trial 1 with value: 0.9662337899208069.
[I 2026-02-03 11:40:13,273] Trial 3 finished with value: 0.8716140985488892 and parameters: {'lr': 0.0023910004844420987, 'batch_size': 64, 'dropout_vib': 0.22432922641255973, 'dropout_aco': 0.12779837298125224, 'atten_dim': 256, 'n_layers_vib': 5, 'n_layers_aco': 4}. Best is trial 1 with value: 0.9662337899208069.
[I 2026-02-03 11:40:26,414] Trial 4 finished with value: 0.5736548900604248 and parameters: {'lr': 0.004257355746210893, 'batch_size': 32, 'dropout_vib': 0.39821697582559157, 'dropout_aco': 0.2254381517679557, 'atten_dim': 128, 'n_layers_vib': 5, 'n_layers_aco': 5}. Best is trial 1 with value: 0.9662337899208069.
[I 2026-02-03 11:40:28,877] Trial 5 pruned. Trial was pruned at epoch 0.
[I 2026-02-03 11:40:31,248] Trial 6 pruned. Trial was pruned at epoch 0.
[I 2026-02-03 11:40:33,433] Trial 7 pruned. Trial was pruned at epoch 0.
[I 2026-02-03 11:40:35,247] Trial 8 pruned. Trial was pruned at epoch 0.
[I 2026-02-03 11:40:38,128] Trial 9 pruned. Trial was pruned at epoch 2.
[I 2026-02-03 11:40:39,999] Trial 10 pruned. Trial was pruned at epoch 0.
[I 2026-02-03 11:40:41,788] Trial 11 pruned. Trial was pruned at epoch 0.
[I 2026-02-03 11:40:49,781] Trial 12 finished with value: 0.9009276628494263 and parameters: {'lr': 0.00046280361837045133, 'batch_size': 64, 'dropout_vib': 0.24212554961519514, 'dropout_aco': 0.3887625766158565, 'atten_dim': 256, 'n_layers_vib': 4, 'n_layers_aco': 3}. Best is trial 1 with value: 0.9662337899208069.
[I 2026-02-03 11:40:51,519] Trial 13 pruned. Trial was pruned at epoch 0.
[I 2026-02-03 11:40:53,669] Trial 14 pruned. Trial was pruned at epoch 0.
[I 2026-02-03 11:40:55,719] Trial 15 pruned. Trial was pruned at epoch 0.
[I 2026-02-03 11:41:04,326] Trial 16 finished with value: 0.9810760617256165 and parameters: {'lr': 0.0006420940090019174, 'batch_size': 64, 'dropout_vib': 0.40660764227227536, 'dropout_aco': 0.37567803278217776, 'atten_dim': 128, 'n_layers_vib': 4, 'n_layers_aco': 5}. Best is trial 16 with value: 0.9810760617256165.
[I 2026-02-03 11:41:06,924] Trial 17 pruned. Trial was pruned at epoch 2.
[I 2026-02-03 11:41:26,234] Trial 18 finished with value: 0.9717996120452881 and parameters: {'lr': 0.00027790419468369174, 'batch_size': 16, 'dropout_vib': 0.4966951387184463, 'dropout_aco': 0.27117851907382734, 'atten_dim': 256, 'n_layers_vib': 4, 'n_layers_aco': 5}. Best is trial 16 with value: 0.9810760617256165.
[I 2026-02-03 11:41:28,806] Trial 19 pruned. Trial was pruned at epoch 0.
[I 2026-02-03 11:41:31,792] Trial 20 pruned. Trial was pruned at epoch 0.
[I 2026-02-03 11:41:53,399] Trial 21 pruned. Trial was pruned at epoch 21.
[I 2026-02-03 11:42:16,407] Trial 22 finished with value: 0.994434118270874 and parameters: {'lr': 0.0013865546776879656, 'batch_size': 16, 'dropout_vib': 0.4223065128432895, 'dropout_aco': 0.3497078380248016, 'atten_dim': 256, 'n_layers_vib': 4, 'n_layers_aco': 5}. Best is trial 22 with value: 0.994434118270874.
[I 2026-02-03 11:42:38,472] Trial 23 finished with value: 0.9933209419250488 and parameters: {'lr': 0.0010364697656179396, 'batch_size': 16, 'dropout_vib': 0.38337179253204395, 'dropout_aco': 0.3509557934982849, 'atten_dim': 256, 'n_layers_vib': 4, 'n_layers_aco': 5}. Best is trial 22 with value: 0.994434118270874.
[I 2026-02-03 11:42:40,971] Trial 24 pruned. Trial was pruned at epoch 0.
[I 2026-02-03 11:42:43,921] Trial 25 pruned. Trial was pruned at epoch 0.
[I 2026-02-03 11:43:05,266] Trial 26 finished with value: 0.9836734533309937 and parameters: {'lr': 0.0015034405579103561, 'batch_size': 16, 'dropout_vib': 0.37598637396685686, 'dropout_aco': 0.4422820001001375, 'atten_dim': 128, 'n_layers_vib': 4, 'n_layers_aco': 5}. Best is trial 22 with value: 0.994434118270874.
[I 2026-02-03 11:43:10,838] Trial 27 pruned. Trial was pruned at epoch 4.
[I 2026-02-03 11:43:30,945] Trial 28 finished with value: 0.9729127883911133 and parameters: {'lr': 0.001463192580702173, 'batch_size': 16, 'dropout_vib': 0.37061508369058754, 'dropout_aco': 0.4119290462194822, 'atten_dim': 128, 'n_layers_vib': 4, 'n_layers_aco': 5}. Best is trial 22 with value: 0.994434118270874.
